2024-06-07 15:13:30.567 | INFO     | tc_in:map_divided:147 - time cost of internal routes:0.26703929901123047
2024-06-07 15:14:44.630 | INFO     | tc_in:map_divided:166 - time cost of external routes:74.06302618980408
2024-06-07 15:14:44.631 | INFO     | tc_in:generating:78 - generating success, time cost:78.27559661865234
2024-06-07 15:14:44.631 | INFO     | tc_optimize:epoch_static:77 - 开始运行算法
2024-06-07 15:14:44.631 | INFO     | tc_in:read_instructions_static:455 - 开始读取任务
2024-06-07 15:14:44.795 | INFO     | tc_in:read_instructions_static:461 - task count:10
2024-06-07 15:14:44.818 | INFO     | tc_in:read_instructions_static:478 - this is the task count:10
2024-06-07 15:14:44.818 | INFO     | tc_optimize:epoch_static:83 - 本轮读取任务时长:0.18717694282531738
2024-06-07 15:14:45.280 | INFO     | tc_in:vehicle_load_static:290 - 开始分配任务
2024-06-07 15:15:09.582 | INFO     | tc_in:vehicle_load_static:298 - 取车数辆:1000, 取车时间:24.302056074142456
2024-06-07 15:15:09.588 | INFO     | tc_in:vehicle_load_static:318 - phase 1 cost:0.004999637603759766
2024-06-07 15:15:09.588 | INFO     | tc_in:vehicle_load_static:321 - 本轮可用车辆数:0
2024-06-07 15:15:09.589 | INFO     | tc_optimize:epoch_static:89 - 本轮分配任务时长:24.309058666229248
2024-06-07 15:15:09.589 | INFO     | tc_optimize:epoch_static:90 - 本轮算法执行时长:24.95758581161499
2024-06-07 15:15:09.590 | INFO     | tc_optimize:epoch_static:77 - 开始运行算法
2024-06-07 15:15:09.590 | INFO     | tc_in:read_instructions_static:455 - 开始读取任务
2024-06-07 15:15:09.629 | INFO     | tc_in:read_instructions_static:461 - task count:14
2024-06-07 15:15:09.641 | INFO     | tc_in:read_instructions_static:478 - this is the task count:10
2024-06-07 15:15:09.641 | INFO     | tc_optimize:epoch_static:83 - 本轮读取任务时长:0.05117654800415039
2024-06-07 15:15:10.344 | INFO     | tc_in:vehicle_load_static:290 - 开始分配任务
2024-06-07 15:15:33.946 | INFO     | tc_in:vehicle_load_static:298 - 取车数辆:1000, 取车时间:23.601821184158325
2024-06-07 15:15:33.951 | INFO     | tc_in:vehicle_load_static:318 - phase 1 cost:0.004999637603759766
2024-06-07 15:15:33.951 | INFO     | tc_in:vehicle_load_static:321 - 本轮可用车辆数:0
2024-06-07 15:15:33.953 | INFO     | tc_optimize:epoch_static:89 - 本轮分配任务时长:23.60883069038391
2024-06-07 15:15:33.953 | INFO     | tc_optimize:epoch_static:90 - 本轮算法执行时长:24.363377332687378
2024-06-07 15:15:33.953 | INFO     | tc_optimize:epoch_static:77 - 开始运行算法
2024-06-07 15:15:33.953 | INFO     | tc_in:read_instructions_static:455 - 开始读取任务
2024-06-07 15:15:34.049 | INFO     | tc_in:read_instructions_static:461 - task count:21
2024-06-07 15:15:34.063 | INFO     | tc_in:read_instructions_static:478 - this is the task count:10
2024-06-07 15:15:34.063 | INFO     | tc_optimize:epoch_static:83 - 本轮读取任务时长:0.1095590591430664
2024-06-07 15:15:34.567 | INFO     | tc_in:vehicle_load_static:290 - 开始分配任务
2024-06-07 15:15:59.509 | INFO     | tc_in:vehicle_load_static:298 - 取车数辆:1000, 取车时间:24.94169020652771
2024-06-07 15:15:59.514 | INFO     | tc_in:vehicle_load_static:318 - phase 1 cost:0.003994941711425781
2024-06-07 15:15:59.515 | INFO     | tc_in:vehicle_load_static:321 - 本轮可用车辆数:0
2024-06-07 15:15:59.516 | INFO     | tc_optimize:epoch_static:89 - 本轮分配任务时长:24.94869375228882
2024-06-07 15:15:59.516 | INFO     | tc_optimize:epoch_static:90 - 本轮算法执行时长:25.562822818756104
2024-06-07 15:15:59.516 | INFO     | tc_optimize:epoch_static:77 - 开始运行算法
2024-06-07 15:15:59.516 | INFO     | tc_in:read_instructions_static:455 - 开始读取任务
2024-06-07 15:15:59.599 | INFO     | tc_in:read_instructions_static:461 - task count:41
2024-06-07 15:15:59.612 | INFO     | tc_in:read_instructions_static:478 - this is the task count:10
2024-06-07 15:15:59.612 | INFO     | tc_optimize:epoch_static:83 - 本轮读取任务时长:0.09649658203125
2024-06-07 15:16:00.047 | INFO     | tc_in:vehicle_load_static:290 - 开始分配任务
2024-06-07 15:16:23.397 | INFO     | tc_in:vehicle_load_static:298 - 取车数辆:1000, 取车时间:23.35001254081726
2024-06-07 15:16:23.402 | INFO     | tc_in:vehicle_load_static:318 - phase 1 cost:0.0049953460693359375
2024-06-07 15:16:23.402 | INFO     | tc_in:vehicle_load_static:321 - 本轮可用车辆数:0
2024-06-07 15:16:23.404 | INFO     | tc_optimize:epoch_static:89 - 本轮分配任务时长:23.357011556625366
2024-06-07 15:16:23.404 | INFO     | tc_optimize:epoch_static:90 - 本轮算法执行时长:23.88779902458191
2024-06-07 15:16:23.404 | INFO     | tc_optimize:epoch_static:77 - 开始运行算法
2024-06-07 15:16:23.404 | INFO     | tc_in:read_instructions_static:455 - 开始读取任务
2024-06-07 15:16:23.518 | INFO     | tc_in:read_instructions_static:461 - task count:21
2024-06-07 15:16:23.530 | INFO     | tc_in:read_instructions_static:478 - this is the task count:10
2024-06-07 15:16:23.531 | INFO     | tc_optimize:epoch_static:83 - 本轮读取任务时长:0.12692594528198242
2024-06-07 15:16:23.976 | INFO     | tc_in:vehicle_load_static:290 - 开始分配任务
2024-06-07 15:16:49.819 | INFO     | tc_in:vehicle_load_static:298 - 取车数辆:1000, 取车时间:25.84233331680298
2024-06-07 15:16:49.824 | INFO     | tc_in:vehicle_load_static:318 - phase 1 cost:0.004997968673706055
2024-06-07 15:16:49.824 | INFO     | tc_in:vehicle_load_static:321 - 本轮可用车辆数:0
2024-06-07 15:16:49.826 | INFO     | tc_optimize:epoch_static:89 - 本轮分配任务时长:25.84933829307556
2024-06-07 15:16:49.826 | INFO     | tc_optimize:epoch_static:90 - 本轮算法执行时长:26.422096490859985
2024-06-07 15:16:49.826 | INFO     | tc_optimize:epoch_static:77 - 开始运行算法
2024-06-07 15:16:49.826 | INFO     | tc_in:read_instructions_static:455 - 开始读取任务
2024-06-07 15:16:50.157 | INFO     | tc_in:read_instructions_static:461 - task count:8
2024-06-07 15:16:50.171 | INFO     | tc_in:read_instructions_static:478 - this is the task count:8
2024-06-07 15:16:50.172 | INFO     | tc_optimize:epoch_static:83 - 本轮读取任务时长:0.34612131118774414
2024-06-07 15:16:50.511 | INFO     | tc_in:vehicle_load_static:290 - 开始分配任务
2024-06-07 15:17:12.716 | INFO     | tc_in:vehicle_load_static:298 - 取车数辆:1000, 取车时间:22.205254316329956
2024-06-07 15:17:12.721 | INFO     | tc_in:vehicle_load_static:318 - phase 1 cost:0.005105495452880859
2024-06-07 15:17:12.721 | INFO     | tc_in:vehicle_load_static:321 - 本轮可用车辆数:0
2024-06-07 15:17:12.723 | INFO     | tc_optimize:epoch_static:89 - 本轮分配任务时长:22.212360620498657
2024-06-07 15:17:12.723 | INFO     | tc_optimize:epoch_static:90 - 本轮算法执行时长:22.89722752571106
2024-06-07 15:17:12.723 | INFO     | tc_optimize:epoch_static:77 - 开始运行算法
2024-06-07 15:17:12.723 | INFO     | tc_in:read_instructions_static:455 - 开始读取任务
2024-06-07 15:17:12.877 | INFO     | tc_in:read_instructions_static:461 - task count:30
2024-06-07 15:17:12.891 | INFO     | tc_in:read_instructions_static:478 - this is the task count:10
2024-06-07 15:17:12.892 | INFO     | tc_optimize:epoch_static:83 - 本轮读取任务时长:0.16939139366149902
2024-06-07 15:17:13.378 | INFO     | tc_in:vehicle_load_static:290 - 开始分配任务
2024-06-07 15:17:35.150 | INFO     | tc_in:vehicle_load_static:298 - 取车数辆:1000, 取车时间:21.771538496017456
2024-06-07 15:17:35.155 | INFO     | tc_in:vehicle_load_static:318 - phase 1 cost:0.005022764205932617
2024-06-07 15:17:35.155 | INFO     | tc_in:vehicle_load_static:321 - 本轮可用车辆数:0
2024-06-07 15:17:35.156 | INFO     | tc_optimize:epoch_static:89 - 本轮分配任务时长:21.777562856674194
2024-06-07 15:17:35.156 | INFO     | tc_optimize:epoch_static:90 - 本轮算法执行时长:22.43300223350525
2024-06-07 15:17:35.156 | INFO     | tc_optimize:epoch_static:77 - 开始运行算法
2024-06-07 15:17:35.157 | INFO     | tc_in:read_instructions_static:455 - 开始读取任务
2024-06-07 15:17:35.190 | INFO     | tc_in:read_instructions_static:461 - task count:23
2024-06-07 15:17:35.202 | INFO     | tc_in:read_instructions_static:478 - this is the task count:10
2024-06-07 15:17:35.203 | INFO     | tc_optimize:epoch_static:83 - 本轮读取任务时长:0.045688629150390625
2024-06-07 15:17:35.670 | INFO     | tc_in:vehicle_load_static:290 - 开始分配任务
2024-06-07 15:17:57.261 | INFO     | tc_in:vehicle_load_static:298 - 取车数辆:1000, 取车时间:21.59098792076111
2024-06-07 15:17:57.267 | INFO     | tc_in:vehicle_load_static:318 - phase 1 cost:0.005831241607666016
2024-06-07 15:17:57.268 | INFO     | tc_in:vehicle_load_static:321 - 本轮可用车辆数:1
2024-06-07 15:17:57.270 | INFO     | tc_in:vehicle_load_static:345 - phase 2 cost:0.0019998550415039062
2024-06-07 15:17:57.270 | INFO     | tc_in:vehicle_load_static:346 - phase 1 and 2 cost:0.008830070495605469
2024-06-07 15:17:57.271 | INFO     | tc_optimize:epoch_static:89 - 本轮分配任务时长:21.600821018218994
2024-06-07 15:17:57.271 | INFO     | tc_optimize:epoch_static:90 - 本轮算法执行时长:22.11377477645874
2024-06-07 15:17:57.271 | INFO     | tc_optimize:epoch_static:77 - 开始运行算法
2024-06-07 15:17:57.271 | INFO     | tc_in:read_instructions_static:455 - 开始读取任务
2024-06-07 15:17:57.316 | INFO     | tc_in:read_instructions_static:461 - task count:108
2024-06-07 15:17:57.330 | INFO     | tc_in:read_instructions_static:478 - this is the task count:10
2024-06-07 15:17:57.330 | INFO     | tc_optimize:epoch_static:83 - 本轮读取任务时长:0.05908083915710449
2024-06-07 15:17:57.738 | INFO     | tc_in:vehicle_load_static:290 - 开始分配任务
2024-06-07 15:18:21.575 | INFO     | tc_in:vehicle_load_static:298 - 取车数辆:1000, 取车时间:23.836970806121826
2024-06-07 15:18:21.580 | INFO     | tc_in:vehicle_load_static:318 - phase 1 cost:0.004904985427856445
2024-06-07 15:18:21.580 | INFO     | tc_in:vehicle_load_static:321 - 本轮可用车辆数:0
2024-06-07 15:18:21.582 | INFO     | tc_optimize:epoch_static:89 - 本轮分配任务时长:23.843885898590088
2024-06-07 15:18:21.582 | INFO     | tc_optimize:epoch_static:90 - 本轮算法执行时长:24.311341762542725
2024-06-07 15:18:21.582 | INFO     | tc_optimize:epoch_static:77 - 开始运行算法
2024-06-07 15:18:21.582 | INFO     | tc_in:read_instructions_static:455 - 开始读取任务
2024-06-07 15:18:22.264 | INFO     | tc_in:read_instructions_static:461 - task count:182
2024-06-07 15:18:22.283 | INFO     | tc_in:read_instructions_static:478 - this is the task count:10
2024-06-07 15:18:22.284 | INFO     | tc_optimize:epoch_static:83 - 本轮读取任务时长:0.701711893081665
2024-06-07 15:18:22.694 | INFO     | tc_in:vehicle_load_static:290 - 开始分配任务
2024-06-07 15:18:45.823 | INFO     | tc_in:vehicle_load_static:298 - 取车数辆:1000, 取车时间:23.129626512527466
2024-06-07 15:18:45.828 | INFO     | tc_in:vehicle_load_static:318 - phase 1 cost:0.003997087478637695
2024-06-07 15:18:45.829 | INFO     | tc_in:vehicle_load_static:321 - 本轮可用车辆数:0
2024-06-07 15:18:45.830 | INFO     | tc_optimize:epoch_static:89 - 本轮分配任务时长:23.13663125038147
2024-06-07 15:18:45.830 | INFO     | tc_optimize:epoch_static:90 - 本轮算法执行时长:24.248119831085205
2024-06-07 15:18:45.830 | INFO     | tc_optimize:epoch_static:77 - 开始运行算法
2024-06-07 15:18:45.830 | INFO     | tc_in:read_instructions_static:455 - 开始读取任务
2024-06-07 15:18:45.899 | INFO     | tc_in:read_instructions_static:461 - task count:219
2024-06-07 15:18:45.915 | INFO     | tc_in:read_instructions_static:478 - this is the task count:10
2024-06-07 15:18:45.915 | INFO     | tc_optimize:epoch_static:83 - 本轮读取任务时长:0.08492875099182129
2024-06-07 15:18:46.354 | INFO     | tc_in:vehicle_load_static:290 - 开始分配任务
2024-06-07 15:19:10.831 | INFO     | tc_in:vehicle_load_static:298 - 取车数辆:1000, 取车时间:24.476469039916992
2024-06-07 15:19:10.836 | INFO     | tc_in:vehicle_load_static:318 - phase 1 cost:0.003998756408691406
2024-06-07 15:19:10.836 | INFO     | tc_in:vehicle_load_static:321 - 本轮可用车辆数:0
2024-06-07 15:19:10.838 | INFO     | tc_optimize:epoch_static:89 - 本轮分配任务时长:24.48347282409668
2024-06-07 15:19:10.838 | INFO     | tc_optimize:epoch_static:90 - 本轮算法执行时长:25.007765769958496
2024-06-07 15:19:10.838 | INFO     | tc_optimize:epoch_static:77 - 开始运行算法
2024-06-07 15:19:10.838 | INFO     | tc_in:read_instructions_static:455 - 开始读取任务
2024-06-07 15:19:11.426 | INFO     | tc_in:read_instructions_static:461 - task count:154
2024-06-07 15:19:11.438 | INFO     | tc_in:read_instructions_static:478 - this is the task count:10
2024-06-07 15:19:11.439 | INFO     | tc_optimize:epoch_static:83 - 本轮读取任务时长:0.6014542579650879
2024-06-07 15:19:11.859 | INFO     | tc_in:vehicle_load_static:290 - 开始分配任务
2024-06-07 15:19:37.507 | INFO     | tc_in:vehicle_load_static:298 - 取车数辆:1000, 取车时间:25.64753818511963
2024-06-07 15:19:37.511 | INFO     | tc_in:vehicle_load_static:318 - phase 1 cost:0.004507780075073242
2024-06-07 15:19:37.511 | INFO     | tc_in:vehicle_load_static:321 - 本轮可用车辆数:0
2024-06-07 15:19:37.513 | INFO     | tc_optimize:epoch_static:89 - 本轮分配任务时长:25.65405035018921
2024-06-07 15:19:37.513 | INFO     | tc_optimize:epoch_static:90 - 本轮算法执行时长:26.67543864250183
2024-06-07 15:19:37.513 | INFO     | tc_optimize:epoch_static:77 - 开始运行算法
2024-06-07 15:19:37.513 | INFO     | tc_in:read_instructions_static:455 - 开始读取任务
2024-06-07 15:19:37.622 | INFO     | tc_in:read_instructions_static:461 - task count:79
2024-06-07 15:19:37.635 | INFO     | tc_in:read_instructions_static:478 - this is the task count:10
2024-06-07 15:19:37.635 | INFO     | tc_optimize:epoch_static:83 - 本轮读取任务时长:0.12120604515075684
2024-06-07 15:19:38.173 | INFO     | tc_in:vehicle_load_static:290 - 开始分配任务
2024-06-07 15:20:02.961 | INFO     | tc_in:vehicle_load_static:298 - 取车数辆:1000, 取车时间:24.787513971328735
2024-06-07 15:20:02.967 | INFO     | tc_in:vehicle_load_static:318 - phase 1 cost:0.005006313323974609
2024-06-07 15:20:02.967 | INFO     | tc_in:vehicle_load_static:321 - 本轮可用车辆数:0
2024-06-07 15:20:02.968 | INFO     | tc_optimize:epoch_static:89 - 本轮分配任务时长:24.794568300247192
2024-06-07 15:20:02.968 | INFO     | tc_optimize:epoch_static:90 - 本轮算法执行时长:25.454288244247437
2024-06-07 15:20:02.969 | INFO     | tc_optimize:epoch_static:77 - 开始运行算法
2024-06-07 15:20:02.969 | INFO     | tc_in:read_instructions_static:455 - 开始读取任务
2024-06-07 15:20:03.008 | INFO     | tc_in:read_instructions_static:461 - task count:19
2024-06-07 15:20:03.022 | INFO     | tc_in:read_instructions_static:478 - this is the task count:10
2024-06-07 15:20:03.022 | INFO     | tc_optimize:epoch_static:83 - 本轮读取任务时长:0.05359697341918945
2024-06-07 15:20:03.469 | INFO     | tc_in:vehicle_load_static:290 - 开始分配任务
2024-06-07 15:20:27.452 | INFO     | tc_in:vehicle_load_static:298 - 取车数辆:1000, 取车时间:23.983131647109985
2024-06-07 15:20:27.457 | INFO     | tc_in:vehicle_load_static:318 - phase 1 cost:0.004510402679443359
2024-06-07 15:20:27.457 | INFO     | tc_in:vehicle_load_static:321 - 本轮可用车辆数:0
2024-06-07 15:20:27.459 | INFO     | tc_optimize:epoch_static:89 - 本轮分配任务时长:23.989652395248413
2024-06-07 15:20:27.459 | INFO     | tc_optimize:epoch_static:90 - 本轮算法执行时长:24.490217685699463
2024-06-07 15:20:27.459 | INFO     | tc_optimize:epoch_static:77 - 开始运行算法
2024-06-07 15:20:27.459 | INFO     | tc_in:read_instructions_static:455 - 开始读取任务
2024-06-07 15:20:27.562 | INFO     | tc_in:read_instructions_static:461 - task count:20
2024-06-07 15:20:27.574 | INFO     | tc_in:read_instructions_static:478 - this is the task count:10
2024-06-07 15:20:27.575 | INFO     | tc_optimize:epoch_static:83 - 本轮读取任务时长:0.11658930778503418
2024-06-07 15:20:28.015 | INFO     | tc_in:vehicle_load_static:290 - 开始分配任务
2024-06-07 15:20:52.655 | INFO     | tc_in:vehicle_load_static:298 - 取车数辆:1000, 取车时间:24.639771223068237
2024-06-07 15:20:52.661 | INFO     | tc_in:vehicle_load_static:318 - phase 1 cost:0.00499725341796875
2024-06-07 15:20:52.661 | INFO     | tc_in:vehicle_load_static:321 - 本轮可用车辆数:0
2024-06-07 15:20:52.663 | INFO     | tc_optimize:epoch_static:89 - 本轮分配任务时长:24.647782802581787
2024-06-07 15:20:52.663 | INFO     | tc_optimize:epoch_static:90 - 本轮算法执行时长:25.203733205795288
2024-06-07 15:20:52.663 | INFO     | tc_optimize:epoch_static:77 - 开始运行算法
2024-06-07 15:20:52.663 | INFO     | tc_in:read_instructions_static:455 - 开始读取任务
2024-06-07 15:20:52.705 | INFO     | tc_in:read_instructions_static:461 - task count:29
2024-06-07 15:20:52.722 | INFO     | tc_in:read_instructions_static:478 - this is the task count:10
2024-06-07 15:20:52.722 | INFO     | tc_optimize:epoch_static:83 - 本轮读取任务时长:0.059821128845214844
2024-06-07 15:20:53.128 | INFO     | tc_in:vehicle_load_static:290 - 开始分配任务
2024-06-07 15:21:15.158 | INFO     | tc_in:vehicle_load_static:298 - 取车数辆:1000, 取车时间:22.02972102165222
2024-06-07 15:21:15.163 | INFO     | tc_in:vehicle_load_static:318 - phase 1 cost:0.004901885986328125
2024-06-07 15:21:15.163 | INFO     | tc_in:vehicle_load_static:321 - 本轮可用车辆数:0
2024-06-07 15:21:15.166 | INFO     | tc_optimize:epoch_static:89 - 本轮分配任务时长:22.03762722015381
2024-06-07 15:21:15.166 | INFO     | tc_optimize:epoch_static:90 - 本轮算法执行时长:22.50336718559265
2024-06-07 15:21:15.166 | INFO     | tc_optimize:epoch_static:77 - 开始运行算法
2024-06-07 15:21:15.166 | INFO     | tc_in:read_instructions_static:455 - 开始读取任务
2024-06-07 15:21:15.395 | INFO     | tc_in:read_instructions_static:461 - task count:27
2024-06-07 15:21:15.408 | INFO     | tc_in:read_instructions_static:478 - this is the task count:10
2024-06-07 15:21:15.408 | INFO     | tc_optimize:epoch_static:83 - 本轮读取任务时长:0.24163532257080078
2024-06-07 15:21:15.833 | INFO     | tc_in:vehicle_load_static:290 - 开始分配任务
2024-06-09 18:05:05.105 | INFO     | tc_in:map_divided:147 - time cost of internal routes:0.4551117420196533
2024-06-09 18:06:10.616 | INFO     | tc_in:map_divided:166 - time cost of external routes:65.5094301700592
2024-06-09 18:06:10.616 | INFO     | tc_in:generating:78 - generating success, time cost:70.14788007736206
2024-06-09 18:06:10.616 | INFO     | tc_optimize:epoch_static:77 - 开始运行算法
2024-06-09 18:06:10.617 | INFO     | tc_in:read_instructions_static:455 - 开始读取任务
2024-06-09 18:06:10.747 | INFO     | tc_in:read_instructions_static:461 - task count:11
2024-06-09 18:06:10.758 | INFO     | tc_in:read_instructions_static:478 - this is the task count:10
2024-06-09 18:06:10.758 | INFO     | tc_optimize:epoch_static:83 - 本轮读取任务时长:0.14163446426391602
2024-06-09 18:06:11.186 | INFO     | tc_in:vehicle_load_static:290 - 开始分配任务
2024-06-09 18:06:32.778 | INFO     | tc_in:vehicle_load_static:298 - 取车数辆:1000, 取车时间:21.59150767326355
2024-06-09 18:06:32.783 | INFO     | tc_in:vehicle_load_static:318 - phase 1 cost:0.004996776580810547
2024-06-09 18:06:32.784 | INFO     | tc_in:vehicle_load_static:321 - 本轮可用车辆数:0
2024-06-09 18:06:32.785 | INFO     | tc_optimize:epoch_static:89 - 本轮分配任务时长:21.598509311676025
2024-06-09 18:06:32.785 | INFO     | tc_optimize:epoch_static:90 - 本轮算法执行时长:22.168078660964966
2024-06-09 18:06:32.785 | INFO     | tc_optimize:epoch_static:77 - 开始运行算法
2024-06-09 18:06:32.786 | INFO     | tc_in:read_instructions_static:455 - 开始读取任务
2024-06-09 18:06:32.828 | INFO     | tc_in:read_instructions_static:461 - task count:6
2024-06-09 18:06:32.839 | INFO     | tc_in:read_instructions_static:478 - this is the task count:6
2024-06-09 18:06:32.840 | INFO     | tc_optimize:epoch_static:83 - 本轮读取任务时长:0.05454444885253906
2024-06-09 18:06:33.109 | INFO     | tc_in:vehicle_load_static:290 - 开始分配任务
2024-06-09 18:06:53.750 | INFO     | tc_in:vehicle_load_static:298 - 取车数辆:1000, 取车时间:20.641359090805054
2024-06-09 18:06:53.755 | INFO     | tc_in:vehicle_load_static:318 - phase 1 cost:0.005494832992553711
2024-06-09 18:06:53.755 | INFO     | tc_in:vehicle_load_static:321 - 本轮可用车辆数:0
2024-06-09 18:06:53.756 | INFO     | tc_optimize:epoch_static:89 - 本轮分配任务时长:20.647852182388306
2024-06-09 18:06:53.756 | INFO     | tc_optimize:epoch_static:90 - 本轮算法执行时长:20.970771312713623
2024-06-09 18:06:53.757 | INFO     | tc_optimize:epoch_static:77 - 开始运行算法
2024-06-09 18:06:53.757 | INFO     | tc_in:read_instructions_static:455 - 开始读取任务
2024-06-09 18:06:53.792 | INFO     | tc_in:read_instructions_static:461 - task count:4
2024-06-09 18:06:53.803 | INFO     | tc_in:read_instructions_static:478 - this is the task count:4
2024-06-09 18:06:53.804 | INFO     | tc_optimize:epoch_static:83 - 本轮读取任务时长:0.04613208770751953
2024-06-09 18:06:53.976 | INFO     | tc_in:vehicle_load_static:290 - 开始分配任务
2024-06-09 18:07:23.269 | INFO     | tc_in:vehicle_load_static:298 - 取车数辆:1000, 取车时间:29.29315757751465
2024-06-09 18:07:23.275 | INFO     | tc_in:vehicle_load_static:318 - phase 1 cost:0.004994869232177734
2024-06-09 18:07:23.275 | INFO     | tc_in:vehicle_load_static:321 - 本轮可用车辆数:0
2024-06-09 18:07:23.276 | INFO     | tc_optimize:epoch_static:89 - 本轮分配任务时长:29.30013608932495
2024-06-09 18:07:23.277 | INFO     | tc_optimize:epoch_static:90 - 本轮算法执行时长:29.5196213722229
2024-06-09 18:07:23.277 | INFO     | tc_optimize:epoch_static:77 - 开始运行算法
2024-06-09 18:07:23.277 | INFO     | tc_in:read_instructions_static:455 - 开始读取任务
2024-06-09 18:07:23.368 | INFO     | tc_in:read_instructions_static:461 - task count:3
2024-06-09 18:07:23.381 | INFO     | tc_in:read_instructions_static:478 - this is the task count:3
2024-06-09 18:07:23.382 | INFO     | tc_optimize:epoch_static:83 - 本轮读取任务时长:0.1052401065826416
2024-06-09 18:07:23.528 | INFO     | tc_in:vehicle_load_static:290 - 开始分配任务
2024-06-09 18:07:47.017 | INFO     | tc_in:vehicle_load_static:298 - 取车数辆:1000, 取车时间:23.489208221435547
2024-06-09 18:07:47.023 | INFO     | tc_in:vehicle_load_static:318 - phase 1 cost:0.0060045719146728516
2024-06-09 18:07:47.023 | INFO     | tc_in:vehicle_load_static:321 - 本轮可用车辆数:0
2024-06-09 18:07:47.024 | INFO     | tc_optimize:epoch_static:89 - 本轮分配任务时长:23.496211290359497
2024-06-09 18:07:47.024 | INFO     | tc_optimize:epoch_static:90 - 本轮算法执行时长:23.747318744659424
2024-06-09 18:07:47.025 | INFO     | tc_optimize:epoch_static:77 - 开始运行算法
2024-06-09 18:07:47.025 | INFO     | tc_in:read_instructions_static:455 - 开始读取任务
2024-06-09 18:07:47.180 | INFO     | tc_in:read_instructions_static:461 - task count:4
2024-06-09 18:07:47.192 | INFO     | tc_in:read_instructions_static:478 - this is the task count:4
2024-06-09 18:07:47.192 | INFO     | tc_optimize:epoch_static:83 - 本轮读取任务时长:0.16680216789245605
2024-06-09 18:07:47.370 | INFO     | tc_in:vehicle_load_static:290 - 开始分配任务
2024-06-09 18:08:05.808 | INFO     | tc_in:vehicle_load_static:298 - 取车数辆:1000, 取车时间:18.43741202354431
2024-06-09 18:08:05.813 | INFO     | tc_in:vehicle_load_static:318 - phase 1 cost:0.005003690719604492
2024-06-09 18:08:05.813 | INFO     | tc_in:vehicle_load_static:321 - 本轮可用车辆数:0
2024-06-09 18:08:05.815 | INFO     | tc_optimize:epoch_static:89 - 本轮分配任务时长:18.44441866874695
2024-06-09 18:08:05.815 | INFO     | tc_optimize:epoch_static:90 - 本轮算法执行时长:18.789332151412964
2024-06-09 18:08:05.815 | INFO     | tc_optimize:epoch_static:77 - 开始运行算法
2024-06-09 18:08:05.815 | INFO     | tc_in:read_instructions_static:455 - 开始读取任务
2024-06-09 18:08:05.859 | INFO     | tc_in:read_instructions_static:461 - task count:8
2024-06-09 18:08:05.871 | INFO     | tc_in:read_instructions_static:478 - this is the task count:8
2024-06-09 18:08:05.871 | INFO     | tc_optimize:epoch_static:83 - 本轮读取任务时长:0.05632615089416504
2024-06-09 18:08:06.190 | INFO     | tc_in:vehicle_load_static:290 - 开始分配任务
2024-06-09 18:08:28.394 | INFO     | tc_in:vehicle_load_static:298 - 取车数辆:1000, 取车时间:22.204253435134888
2024-06-09 18:08:28.400 | INFO     | tc_in:vehicle_load_static:318 - phase 1 cost:0.006011009216308594
2024-06-09 18:08:28.400 | INFO     | tc_in:vehicle_load_static:321 - 本轮可用车辆数:1
2024-06-09 18:08:28.402 | INFO     | tc_in:vehicle_load_static:345 - phase 2 cost:0.0019953250885009766
2024-06-09 18:08:28.402 | INFO     | tc_in:vehicle_load_static:346 - phase 1 and 2 cost:0.00800633430480957
2024-06-09 18:08:28.404 | INFO     | tc_optimize:epoch_static:89 - 本轮分配任务时长:22.2142653465271
2024-06-09 18:08:28.404 | INFO     | tc_optimize:epoch_static:90 - 本轮算法执行时长:22.58916997909546
2024-06-09 18:08:28.404 | INFO     | tc_optimize:epoch_static:77 - 开始运行算法
2024-06-09 18:08:28.404 | INFO     | tc_in:read_instructions_static:455 - 开始读取任务
2024-06-09 18:08:28.434 | INFO     | tc_in:read_instructions_static:461 - task count:2
2024-06-09 18:08:28.446 | INFO     | tc_in:read_instructions_static:478 - this is the task count:2
2024-06-09 18:08:28.446 | INFO     | tc_optimize:epoch_static:83 - 本轮读取任务时长:0.042253971099853516
2024-06-09 18:08:28.535 | INFO     | tc_in:vehicle_load_static:290 - 开始分配任务
2024-06-09 18:08:50.102 | INFO     | tc_in:vehicle_load_static:298 - 取车数辆:1000, 取车时间:21.56680679321289
2024-06-09 18:08:50.107 | INFO     | tc_in:vehicle_load_static:318 - phase 1 cost:0.004513978958129883
2024-06-09 18:08:50.107 | INFO     | tc_in:vehicle_load_static:321 - 本轮可用车辆数:0
2024-06-09 18:08:50.108 | INFO     | tc_optimize:epoch_static:89 - 本轮分配任务时长:21.573351621627808
2024-06-09 18:08:50.108 | INFO     | tc_optimize:epoch_static:90 - 本轮算法执行时长:21.70436954498291
2024-06-09 18:08:50.109 | INFO     | tc_optimize:epoch_static:77 - 开始运行算法
2024-06-09 18:08:50.109 | INFO     | tc_in:read_instructions_static:455 - 开始读取任务
2024-06-09 18:08:50.134 | INFO     | tc_in:read_instructions_static:461 - task count:8
2024-06-09 18:08:50.147 | INFO     | tc_in:read_instructions_static:478 - this is the task count:8
2024-06-09 18:08:50.148 | INFO     | tc_optimize:epoch_static:83 - 本轮读取任务时长:0.03912472724914551
2024-06-09 18:08:50.473 | INFO     | tc_in:vehicle_load_static:290 - 开始分配任务
2024-06-09 18:09:10.581 | INFO     | tc_in:vehicle_load_static:298 - 取车数辆:1000, 取车时间:20.1078360080719
2024-06-09 18:09:10.586 | INFO     | tc_in:vehicle_load_static:318 - phase 1 cost:0.0040090084075927734
2024-06-09 18:09:10.587 | INFO     | tc_in:vehicle_load_static:321 - 本轮可用车辆数:0
2024-06-09 18:09:10.588 | INFO     | tc_optimize:epoch_static:89 - 本轮分配任务时长:20.115188598632812
2024-06-09 18:09:10.588 | INFO     | tc_optimize:epoch_static:90 - 本轮算法执行时长:20.479021072387695
2024-06-09 18:09:10.588 | INFO     | tc_optimize:epoch_static:77 - 开始运行算法
2024-06-09 18:09:10.588 | INFO     | tc_in:read_instructions_static:455 - 开始读取任务
2024-06-09 18:09:10.638 | INFO     | tc_in:read_instructions_static:461 - task count:4
2024-06-09 18:09:10.651 | INFO     | tc_in:read_instructions_static:478 - this is the task count:4
2024-06-09 18:09:10.651 | INFO     | tc_optimize:epoch_static:83 - 本轮读取任务时长:0.06259417533874512
2024-06-09 18:09:10.818 | INFO     | tc_in:vehicle_load_static:290 - 开始分配任务
2024-06-12 15:17:25.955 | INFO     | tc_in:map_divided:183 - time cost of internal routes:2.3397560119628906
2024-06-12 15:20:44.789 | INFO     | tc_in:map_divided:183 - time cost of internal routes:2.306741714477539
2024-06-12 15:23:47.375 | INFO     | tc_in:map_divided:183 - time cost of internal routes:1.2700698375701904
2024-06-12 15:23:55.019 | INFO     | tc_in:map_divided:204 - block A completed
2024-06-12 15:24:30.595 | INFO     | tc_in:map_divided:204 - block B completed
2024-06-12 15:24:53.191 | INFO     | tc_in:map_divided:204 - block C completed
2024-06-12 15:24:55.825 | INFO     | tc_in:map_divided:204 - block D completed
2024-06-12 15:24:56.809 | INFO     | tc_in:map_divided:204 - block E completed
2024-06-12 15:24:56.809 | INFO     | tc_in:map_divided:205 - time cost of internal routes:69.43445444107056
2024-06-12 17:38:15.474 | INFO     | tc_in:map_divided:183 - time cost of internal routes:3.2836806774139404
2024-06-12 17:38:39.073 | INFO     | tc_in:map_divided:206 - block A completed
2024-06-12 17:40:46.044 | INFO     | tc_in:map_divided:184 - time cost of internal routes:7.1002421379089355
2024-06-12 17:40:46.046 | INFO     | tc_in:generating:78 - generating success, time cost:16.64087176322937
2024-06-12 17:40:46.046 | INFO     | tc_optimize:epoch_static:77 - 开始运行算法
2024-06-12 17:40:46.046 | INFO     | tc_in:read_instructions_static:579 - 开始读取任务
2024-06-12 17:40:46.347 | INFO     | tc_in:read_instructions_static:585 - task count:999
2024-06-12 17:40:46.374 | INFO     | tc_in:read_instructions_static:602 - this is the task count:10
2024-06-12 17:40:46.375 | INFO     | tc_optimize:epoch_static:83 - 本轮读取任务时长:0.3288760185241699
2024-06-12 17:40:47.071 | INFO     | tc_in:vehicle_load_static:359 - 开始分配任务
2024-06-12 17:41:14.092 | INFO     | tc_in:vehicle_load_static:367 - 取车数辆:1000, 取车时间:27.021540641784668
2024-06-12 17:41:14.123 | INFO     | tc_in:vehicle_load_static:387 - phase 1 cost:0.02951502799987793
2024-06-12 17:41:14.124 | INFO     | tc_in:vehicle_load_static:390 - 本轮可用车辆数:0
2024-06-12 17:41:14.128 | INFO     | tc_optimize:epoch_static:89 - 本轮分配任务时长:27.057738542556763
2024-06-12 17:41:14.128 | INFO     | tc_optimize:epoch_static:90 - 本轮算法执行时长:28.08223009109497
2024-06-12 17:41:14.130 | INFO     | tc_optimize:epoch_static:77 - 开始运行算法
2024-06-12 17:41:14.130 | INFO     | tc_in:read_instructions_static:579 - 开始读取任务
2024-06-12 17:41:14.458 | INFO     | tc_in:read_instructions_static:585 - task count:999
2024-06-12 17:41:14.479 | INFO     | tc_in:read_instructions_static:602 - this is the task count:10
2024-06-12 17:41:14.480 | INFO     | tc_optimize:epoch_static:83 - 本轮读取任务时长:0.35043787956237793
2024-06-12 17:41:15.114 | INFO     | tc_in:vehicle_load_static:359 - 开始分配任务
2024-06-12 17:41:41.908 | INFO     | tc_in:vehicle_load_static:367 - 取车数辆:1000, 取车时间:26.793816328048706
2024-06-12 17:41:41.938 | INFO     | tc_in:vehicle_load_static:387 - phase 1 cost:0.02891993522644043
2024-06-12 17:41:41.939 | INFO     | tc_in:vehicle_load_static:390 - 本轮可用车辆数:0
2024-06-12 17:41:41.945 | INFO     | tc_optimize:epoch_static:89 - 本轮分配任务时长:26.830874919891357
2024-06-12 17:41:41.946 | INFO     | tc_optimize:epoch_static:90 - 本轮算法执行时长:27.81642770767212
2024-06-12 17:41:41.946 | INFO     | tc_optimize:epoch_static:77 - 开始运行算法
2024-06-12 17:41:41.947 | INFO     | tc_in:read_instructions_static:579 - 开始读取任务
2024-06-12 17:41:42.261 | INFO     | tc_in:read_instructions_static:585 - task count:999
2024-06-12 17:41:42.281 | INFO     | tc_in:read_instructions_static:602 - this is the task count:10
2024-06-12 17:41:42.282 | INFO     | tc_optimize:epoch_static:83 - 本轮读取任务时长:0.33487653732299805
2024-06-12 17:41:42.930 | INFO     | tc_in:vehicle_load_static:359 - 开始分配任务
2024-06-12 17:42:08.493 | INFO     | tc_in:vehicle_load_static:367 - 取车数辆:1000, 取车时间:25.563264846801758
2024-06-12 17:42:08.507 | INFO     | tc_in:vehicle_load_static:387 - phase 1 cost:0.013455390930175781
2024-06-12 17:42:08.508 | INFO     | tc_in:vehicle_load_static:390 - 本轮可用车辆数:0
2024-06-12 17:42:08.512 | INFO     | tc_optimize:epoch_static:89 - 本轮分配任务时长:25.58172607421875
2024-06-12 17:42:08.513 | INFO     | tc_optimize:epoch_static:90 - 本轮算法执行时长:26.565564155578613
2024-06-12 17:42:08.513 | INFO     | tc_optimize:epoch_static:77 - 开始运行算法
2024-06-12 17:42:08.513 | INFO     | tc_in:read_instructions_static:579 - 开始读取任务
2024-06-12 17:42:08.749 | INFO     | tc_in:read_instructions_static:585 - task count:999
2024-06-12 17:42:08.769 | INFO     | tc_in:read_instructions_static:602 - this is the task count:10
2024-06-12 17:42:08.769 | INFO     | tc_optimize:epoch_static:83 - 本轮读取任务时长:0.25645875930786133
2024-06-12 17:42:09.268 | INFO     | tc_in:vehicle_load_static:359 - 开始分配任务
2024-06-12 17:47:52.464 | INFO     | tc_in:map_divided:184 - time cost of internal routes:6.770065069198608
2024-06-12 19:03:27.889 | INFO     | tc_in:map_divided:184 - time cost of internal routes:2.44467830657959
2024-06-12 19:03:27.900 | INFO     | tc_in:generating:78 - generating success, time cost:6.103724718093872
2024-06-12 19:03:27.900 | INFO     | tc_optimize:epoch_static:77 - 开始运行算法
2024-06-12 19:03:27.901 | INFO     | tc_in:read_instructions_static:652 - 开始读取任务
2024-06-12 19:03:27.960 | INFO     | tc_in:read_instructions_static:658 - task count:117
2024-06-12 19:03:27.971 | INFO     | tc_in:read_instructions_static:680 - this is the task count:10
2024-06-12 19:03:27.971 | INFO     | tc_optimize:epoch_static:83 - 本轮读取任务时长:0.07000875473022461
2024-06-12 19:04:26.248 | INFO     | tc_in:vehicle_load_static:230 - 开始分配任务
2024-06-12 19:04:52.724 | INFO     | tc_in:vehicle_load_static:238 - 取车数辆:999, 取车时间:26.475959300994873
2024-06-12 19:09:02.104 | INFO     | tc_in:vehicle_load_static:258 - phase 1 cost:239.7643370628357
2024-06-12 19:09:02.104 | INFO     | tc_in:vehicle_load_static:261 - 本轮可用车辆数:0
2024-06-12 19:16:50.676 | INFO     | tc_optimize:epoch_static:90 - 本轮分配任务时长:802.2044403553009
2024-06-12 19:16:50.676 | INFO     | tc_optimize:epoch_static:91 - 本轮算法执行时长:802.7746114730835
2024-06-12 19:16:50.677 | INFO     | tc_optimize:epoch_static:77 - 开始运行算法
2024-06-12 19:16:50.677 | INFO     | tc_in:read_instructions_static:652 - 开始读取任务
2024-06-12 19:16:50.726 | INFO     | tc_in:read_instructions_static:658 - task count:102
2024-06-12 19:16:50.738 | INFO     | tc_in:read_instructions_static:680 - this is the task count:10
2024-06-12 19:16:50.738 | INFO     | tc_optimize:epoch_static:83 - 本轮读取任务时长:0.06146574020385742
2024-06-12 19:16:56.847 | INFO     | tc_in:vehicle_load_static:230 - 开始分配任务
2024-06-12 19:17:18.050 | INFO     | tc_in:vehicle_load_static:238 - 取车数辆:1000, 取车时间:21.203068017959595
2024-06-12 19:17:18.062 | INFO     | tc_in:vehicle_load_static:258 - phase 1 cost:0.011249065399169922
2024-06-12 19:17:18.063 | INFO     | tc_in:vehicle_load_static:261 - 本轮可用车辆数:0
2024-06-12 19:17:18.065 | INFO     | tc_optimize:epoch_static:90 - 本轮分配任务时长:26.891092538833618
2024-06-12 19:17:18.066 | INFO     | tc_optimize:epoch_static:91 - 本轮算法执行时长:27.389376878738403
2024-06-12 19:17:18.066 | INFO     | tc_optimize:epoch_static:77 - 开始运行算法
2024-06-12 19:17:18.066 | INFO     | tc_in:read_instructions_static:652 - 开始读取任务
2024-06-12 19:17:18.127 | INFO     | tc_in:read_instructions_static:658 - task count:102
2024-06-12 19:17:18.141 | INFO     | tc_in:read_instructions_static:680 - this is the task count:10
2024-06-12 19:17:18.141 | INFO     | tc_optimize:epoch_static:83 - 本轮读取任务时长:0.07475852966308594
2024-06-12 19:17:18.551 | INFO     | tc_in:vehicle_load_static:230 - 开始分配任务
2024-06-12 19:17:40.683 | INFO     | tc_in:vehicle_load_static:238 - 取车数辆:1000, 取车时间:22.13199210166931
2024-06-12 19:17:40.695 | INFO     | tc_in:vehicle_load_static:258 - phase 1 cost:0.011454582214355469
2024-06-12 19:17:40.695 | INFO     | tc_in:vehicle_load_static:261 - 本轮可用车辆数:0
2024-06-12 19:17:40.698 | INFO     | tc_optimize:epoch_static:90 - 本轮分配任务时长:22.147632837295532
2024-06-12 19:17:40.698 | INFO     | tc_optimize:epoch_static:91 - 本轮算法执行时长:22.631991863250732
2024-06-12 19:17:40.698 | INFO     | tc_optimize:epoch_static:77 - 开始运行算法
2024-06-12 19:17:40.698 | INFO     | tc_in:read_instructions_static:652 - 开始读取任务
2024-06-12 19:17:40.758 | INFO     | tc_in:read_instructions_static:658 - task count:107
2024-06-12 19:17:40.771 | INFO     | tc_in:read_instructions_static:680 - this is the task count:10
2024-06-12 19:17:40.771 | INFO     | tc_optimize:epoch_static:83 - 本轮读取任务时长:0.07237005233764648
2024-06-12 19:17:41.254 | INFO     | tc_in:vehicle_load_static:230 - 开始分配任务
2024-06-12 19:18:01.746 | INFO     | tc_in:vehicle_load_static:238 - 取车数辆:1000, 取车时间:20.492095470428467
2024-06-12 19:18:01.761 | INFO     | tc_in:vehicle_load_static:258 - phase 1 cost:0.013791561126708984
2024-06-12 19:18:01.761 | INFO     | tc_in:vehicle_load_static:261 - 本轮可用车辆数:0
2024-06-12 19:18:01.763 | INFO     | tc_optimize:epoch_static:90 - 本轮分配任务时长:20.50922966003418
2024-06-12 19:18:01.763 | INFO     | tc_optimize:epoch_static:91 - 本轮算法执行时长:21.064704656600952
2024-06-12 19:18:01.763 | INFO     | tc_optimize:epoch_static:77 - 开始运行算法
2024-06-12 19:18:01.764 | INFO     | tc_in:read_instructions_static:652 - 开始读取任务
2024-06-12 19:18:01.823 | INFO     | tc_in:read_instructions_static:658 - task count:102
2024-06-12 19:18:01.834 | INFO     | tc_in:read_instructions_static:680 - this is the task count:10
2024-06-12 19:18:01.836 | INFO     | tc_optimize:epoch_static:83 - 本轮读取任务时长:0.07159876823425293
2024-06-12 19:18:02.266 | INFO     | tc_in:vehicle_load_static:230 - 开始分配任务
2024-06-12 19:18:22.646 | INFO     | tc_in:map_divided:184 - time cost of internal routes:2.3966903686523438
2024-06-12 19:18:22.647 | INFO     | tc_in:generating:78 - generating success, time cost:5.898521423339844
2024-06-12 19:18:22.647 | INFO     | tc_optimize:epoch_static:77 - 开始运行算法
2024-06-12 19:18:22.647 | INFO     | tc_in:read_instructions_static:662 - 开始读取任务
2024-06-12 19:18:22.707 | INFO     | tc_in:read_instructions_static:668 - task count:105
2024-06-12 19:18:22.719 | INFO     | tc_in:read_instructions_static:690 - this is the task count:10
2024-06-12 19:18:22.719 | INFO     | tc_optimize:epoch_static:83 - 本轮读取任务时长:0.07202458381652832
2024-06-12 19:18:23.155 | INFO     | tc_in:vehicle_load_static:230 - 开始分配任务
2024-06-12 19:18:45.745 | INFO     | tc_in:vehicle_load_static:238 - 取车数辆:999, 取车时间:22.59003710746765
2024-06-12 19:18:45.758 | INFO     | tc_in:vehicle_load_static:259 - phase 1 cost:0.011896133422851562
2024-06-12 19:18:45.758 | INFO     | tc_in:vehicle_load_static:262 - 本轮可用车辆数:0，空信息：0，车故障0，未空闲0，车速为0：0，离节点过近985
2024-06-12 19:21:00.803 | INFO     | tc_optimize:epoch_static:90 - 本轮分配任务时长:157.64813804626465
2024-06-12 19:21:00.804 | INFO     | tc_optimize:epoch_static:91 - 本轮算法执行时长:158.1567223072052
2024-06-12 19:21:00.804 | INFO     | tc_optimize:epoch_static:77 - 开始运行算法
2024-06-12 19:21:00.804 | INFO     | tc_in:read_instructions_static:662 - 开始读取任务
2024-06-12 19:21:00.852 | INFO     | tc_in:read_instructions_static:668 - task count:105
2024-06-12 19:21:00.865 | INFO     | tc_in:read_instructions_static:690 - this is the task count:10
2024-06-12 19:21:00.866 | INFO     | tc_optimize:epoch_static:83 - 本轮读取任务时长:0.061801910400390625
2024-06-12 19:21:01.355 | INFO     | tc_in:vehicle_load_static:230 - 开始分配任务
2024-06-12 19:21:22.887 | INFO     | tc_in:vehicle_load_static:238 - 取车数辆:1000, 取车时间:21.53248620033264
2024-06-12 19:21:22.917 | INFO     | tc_in:vehicle_load_static:259 - phase 1 cost:0.030086994171142578
2024-06-12 19:21:22.917 | INFO     | tc_in:vehicle_load_static:262 - 本轮可用车辆数:0，空信息：0，车故障0，未空闲0，车速为0：0，离节点过近986
2024-06-12 19:22:53.404 | INFO     | tc_in:map_divided:184 - time cost of internal routes:2.528859853744507
2024-06-12 19:22:53.405 | INFO     | tc_in:generating:78 - generating success, time cost:6.084771394729614
2024-06-12 19:22:53.405 | INFO     | tc_optimize:epoch_static:77 - 开始运行算法
2024-06-12 19:22:53.405 | INFO     | tc_in:read_instructions_static:662 - 开始读取任务
2024-06-12 19:22:53.453 | INFO     | tc_in:read_instructions_static:668 - task count:100
2024-06-12 19:22:53.465 | INFO     | tc_in:read_instructions_static:690 - this is the task count:10
2024-06-12 19:22:53.465 | INFO     | tc_optimize:epoch_static:83 - 本轮读取任务时长:0.060016632080078125
2024-06-12 19:22:53.901 | INFO     | tc_in:vehicle_load_static:230 - 开始分配任务
2024-06-12 19:23:17.698 | INFO     | tc_in:vehicle_load_static:238 - 取车数辆:1000, 取车时间:23.796343564987183
2024-06-12 19:23:17.718 | INFO     | tc_in:vehicle_load_static:259 - phase 1 cost:0.019582271575927734
2024-06-12 19:23:17.719 | INFO     | tc_in:vehicle_load_static:262 - 本轮可用车辆数:0，空信息：0，车故障0，未空闲981，车速为0：19，离节点过近0
2024-06-12 19:28:33.297 | INFO     | tc_optimize:epoch_static:90 - 本轮分配任务时长:339.396057844162
2024-06-12 19:28:33.298 | INFO     | tc_optimize:epoch_static:91 - 本轮算法执行时长:339.8931694030762
2024-06-12 19:28:33.298 | INFO     | tc_optimize:epoch_static:77 - 开始运行算法
2024-06-12 19:28:33.298 | INFO     | tc_in:read_instructions_static:662 - 开始读取任务
2024-06-12 19:28:33.353 | INFO     | tc_in:read_instructions_static:668 - task count:108
2024-06-12 19:28:33.366 | INFO     | tc_in:read_instructions_static:690 - this is the task count:10
2024-06-12 19:28:33.367 | INFO     | tc_optimize:epoch_static:83 - 本轮读取任务时长:0.06856393814086914
2024-06-12 19:28:33.803 | INFO     | tc_in:vehicle_load_static:230 - 开始分配任务
2024-06-12 19:28:57.221 | INFO     | tc_in:vehicle_load_static:238 - 取车数辆:1000, 取车时间:23.4178626537323
2024-06-12 19:28:57.242 | INFO     | tc_in:vehicle_load_static:259 - phase 1 cost:0.020284175872802734
2024-06-12 19:28:57.244 | INFO     | tc_in:vehicle_load_static:262 - 本轮可用车辆数:0，空信息：0，车故障0，未空闲978，车速为0：22，离节点过近0
2024-06-12 19:28:57.247 | INFO     | tc_optimize:epoch_static:90 - 本轮分配任务时长:23.443647146224976
2024-06-12 19:28:57.247 | INFO     | tc_optimize:epoch_static:91 - 本轮算法执行时长:23.948315858840942
2024-06-12 19:28:57.248 | INFO     | tc_optimize:epoch_static:77 - 开始运行算法
2024-06-12 19:28:57.248 | INFO     | tc_in:read_instructions_static:662 - 开始读取任务
2024-06-12 19:28:57.296 | INFO     | tc_in:read_instructions_static:668 - task count:109
2024-06-12 19:28:57.308 | INFO     | tc_in:read_instructions_static:690 - this is the task count:10
2024-06-12 19:28:57.309 | INFO     | tc_optimize:epoch_static:83 - 本轮读取任务时长:0.06177330017089844
2024-06-12 19:28:57.824 | INFO     | tc_in:vehicle_load_static:230 - 开始分配任务
2024-06-12 19:29:24.545 | INFO     | tc_in:vehicle_load_static:238 - 取车数辆:1000, 取车时间:26.72158432006836
2024-06-12 19:29:24.566 | INFO     | tc_in:vehicle_load_static:259 - phase 1 cost:0.020679950714111328
2024-06-12 19:29:24.567 | INFO     | tc_in:vehicle_load_static:262 - 本轮可用车辆数:0，空信息：0，车故障0，未空闲989，车速为0：11，离节点过近0
2024-06-12 19:29:24.570 | INFO     | tc_optimize:epoch_static:90 - 本轮分配任务时长:26.746158361434937
2024-06-12 19:29:24.571 | INFO     | tc_optimize:epoch_static:91 - 本轮算法执行时长:27.323296785354614
2024-06-12 19:29:24.571 | INFO     | tc_optimize:epoch_static:77 - 开始运行算法
2024-06-12 19:29:24.571 | INFO     | tc_in:read_instructions_static:662 - 开始读取任务
2024-06-12 19:29:24.631 | INFO     | tc_in:read_instructions_static:668 - task count:109
2024-06-12 19:29:24.646 | INFO     | tc_in:read_instructions_static:690 - this is the task count:10
2024-06-12 19:29:24.646 | INFO     | tc_optimize:epoch_static:83 - 本轮读取任务时长:0.07496380805969238
2024-06-12 19:29:25.185 | INFO     | tc_in:vehicle_load_static:230 - 开始分配任务
2024-06-12 19:29:48.666 | INFO     | tc_in:vehicle_load_static:238 - 取车数辆:1000, 取车时间:23.48150086402893
2024-06-12 19:29:48.686 | INFO     | tc_in:vehicle_load_static:259 - phase 1 cost:0.018735408782958984
2024-06-12 19:29:48.687 | INFO     | tc_in:vehicle_load_static:262 - 本轮可用车辆数:0，空信息：0，车故障0，未空闲985，车速为0：15，离节点过近0
2024-06-12 19:29:48.690 | INFO     | tc_optimize:epoch_static:90 - 本轮分配任务时长:23.504650354385376
2024-06-12 19:29:48.690 | INFO     | tc_optimize:epoch_static:91 - 本轮算法执行时长:24.118774890899658
2024-06-12 19:29:48.691 | INFO     | tc_optimize:epoch_static:77 - 开始运行算法
2024-06-12 19:29:48.691 | INFO     | tc_in:read_instructions_static:662 - 开始读取任务
2024-06-12 19:29:48.749 | INFO     | tc_in:read_instructions_static:668 - task count:118
2024-06-12 19:29:48.762 | INFO     | tc_in:read_instructions_static:690 - this is the task count:10
2024-06-12 19:29:48.762 | INFO     | tc_optimize:epoch_static:83 - 本轮读取任务时长:0.07106947898864746
2024-06-12 19:29:49.203 | INFO     | tc_in:vehicle_load_static:230 - 开始分配任务
2024-06-12 19:30:09.262 | INFO     | tc_in:vehicle_load_static:238 - 取车数辆:1000, 取车时间:20.058602809906006
2024-06-12 19:30:09.283 | INFO     | tc_in:vehicle_load_static:259 - phase 1 cost:0.02143406867980957
2024-06-12 19:30:09.283 | INFO     | tc_in:vehicle_load_static:262 - 本轮可用车辆数:0，空信息：0，车故障0，未空闲990，车速为0：10，离节点过近0
2024-06-12 19:30:09.286 | INFO     | tc_optimize:epoch_static:90 - 本轮分配任务时长:20.08321261405945
2024-06-12 19:30:09.287 | INFO     | tc_optimize:epoch_static:91 - 本轮算法执行时长:20.59644842147827
2024-06-12 19:30:09.287 | INFO     | tc_optimize:epoch_static:77 - 开始运行算法
2024-06-12 19:30:09.287 | INFO     | tc_in:read_instructions_static:662 - 开始读取任务
2024-06-12 19:30:09.337 | INFO     | tc_in:read_instructions_static:668 - task count:109
2024-06-12 19:30:09.350 | INFO     | tc_in:read_instructions_static:690 - this is the task count:10
2024-06-12 19:30:09.351 | INFO     | tc_optimize:epoch_static:83 - 本轮读取任务时长:0.06389808654785156
2024-06-12 19:30:09.793 | INFO     | tc_in:vehicle_load_static:230 - 开始分配任务
2024-06-12 19:30:31.504 | INFO     | tc_in:vehicle_load_static:238 - 取车数辆:1000, 取车时间:21.711604118347168
2024-06-12 19:30:31.524 | INFO     | tc_in:vehicle_load_static:259 - phase 1 cost:0.019573211669921875
2024-06-12 19:30:31.524 | INFO     | tc_in:vehicle_load_static:262 - 本轮可用车辆数:0，空信息：0，车故障0，未空闲981，车速为0：19，离节点过近0
2024-06-12 19:30:31.526 | INFO     | tc_optimize:epoch_static:90 - 本轮分配任务时长:21.733307123184204
2024-06-12 19:30:31.527 | INFO     | tc_optimize:epoch_static:91 - 本轮算法执行时长:22.2399640083313
2024-06-12 19:30:31.527 | INFO     | tc_optimize:epoch_static:77 - 开始运行算法
2024-06-12 19:30:31.528 | INFO     | tc_in:read_instructions_static:662 - 开始读取任务
2024-06-12 19:30:31.579 | INFO     | tc_in:read_instructions_static:668 - task count:108
2024-06-12 19:30:31.591 | INFO     | tc_in:read_instructions_static:690 - this is the task count:10
2024-06-12 19:30:31.592 | INFO     | tc_optimize:epoch_static:83 - 本轮读取任务时长:0.06405496597290039
2024-06-12 19:30:32.037 | INFO     | tc_in:vehicle_load_static:230 - 开始分配任务
2024-06-12 19:30:53.449 | INFO     | tc_in:vehicle_load_static:238 - 取车数辆:1000, 取车时间:21.411722421646118
2024-06-12 19:30:53.468 | INFO     | tc_in:vehicle_load_static:259 - phase 1 cost:0.019509077072143555
2024-06-12 19:30:53.468 | INFO     | tc_in:vehicle_load_static:262 - 本轮可用车辆数:0，空信息：0，车故障0，未空闲961，车速为0：39，离节点过近0
2024-06-12 19:30:53.472 | INFO     | tc_optimize:epoch_static:90 - 本轮分配任务时长:21.43553376197815
2024-06-12 19:30:53.472 | INFO     | tc_optimize:epoch_static:91 - 本轮算法执行时长:21.94431757926941
2024-06-12 19:30:53.474 | INFO     | tc_optimize:epoch_static:77 - 开始运行算法
2024-06-12 19:30:53.474 | INFO     | tc_in:read_instructions_static:662 - 开始读取任务
2024-06-12 19:30:53.518 | INFO     | tc_in:read_instructions_static:668 - task count:115
2024-06-12 19:30:53.531 | INFO     | tc_in:read_instructions_static:690 - this is the task count:10
2024-06-12 19:30:53.533 | INFO     | tc_optimize:epoch_static:83 - 本轮读取任务时长:0.059815406799316406
2024-06-12 19:30:53.992 | INFO     | tc_in:vehicle_load_static:230 - 开始分配任务
2024-06-12 19:31:14.446 | INFO     | tc_in:vehicle_load_static:238 - 取车数辆:1000, 取车时间:20.45429491996765
2024-06-12 19:31:14.467 | INFO     | tc_in:vehicle_load_static:259 - phase 1 cost:0.02042245864868164
2024-06-12 19:31:14.468 | INFO     | tc_in:vehicle_load_static:262 - 本轮可用车辆数:0，空信息：0，车故障0，未空闲987，车速为0：13，离节点过近0
2024-06-12 19:31:14.471 | INFO     | tc_optimize:epoch_static:90 - 本轮分配任务时长:20.478723764419556
2024-06-12 19:31:14.471 | INFO     | tc_optimize:epoch_static:91 - 本轮算法执行时长:20.997181177139282
2024-06-12 19:31:14.472 | INFO     | tc_optimize:epoch_static:77 - 开始运行算法
2024-06-12 19:31:14.472 | INFO     | tc_in:read_instructions_static:662 - 开始读取任务
2024-06-12 19:31:14.525 | INFO     | tc_in:read_instructions_static:668 - task count:103
2024-06-12 19:31:14.540 | INFO     | tc_in:read_instructions_static:690 - this is the task count:10
2024-06-12 19:31:14.540 | INFO     | tc_optimize:epoch_static:83 - 本轮读取任务时长:0.06848883628845215
2024-06-12 19:31:15.019 | INFO     | tc_in:vehicle_load_static:230 - 开始分配任务
2024-06-12 19:31:35.878 | INFO     | tc_in:vehicle_load_static:238 - 取车数辆:1000, 取车时间:20.858927249908447
2024-06-12 19:31:35.891 | INFO     | tc_in:vehicle_load_static:259 - phase 1 cost:0.012887716293334961
2024-06-12 19:31:35.891 | INFO     | tc_in:vehicle_load_static:262 - 本轮可用车辆数:0，空信息：0，车故障0，未空闲985，车速为0：15，离节点过近0
2024-06-12 19:31:35.893 | INFO     | tc_optimize:epoch_static:90 - 本轮分配任务时长:20.874014854431152
2024-06-12 19:31:35.893 | INFO     | tc_optimize:epoch_static:91 - 本轮算法执行时长:21.421438932418823
2024-06-12 19:31:35.893 | INFO     | tc_optimize:epoch_static:77 - 开始运行算法
2024-06-12 19:31:35.893 | INFO     | tc_in:read_instructions_static:662 - 开始读取任务
2024-06-12 19:31:35.950 | INFO     | tc_in:read_instructions_static:668 - task count:105
2024-06-12 19:31:35.964 | INFO     | tc_in:read_instructions_static:690 - this is the task count:10
2024-06-12 19:31:35.965 | INFO     | tc_optimize:epoch_static:83 - 本轮读取任务时长:0.07156157493591309
2024-06-12 19:31:36.384 | INFO     | tc_in:vehicle_load_static:230 - 开始分配任务
2024-06-12 19:31:57.540 | INFO     | tc_in:vehicle_load_static:238 - 取车数辆:1000, 取车时间:21.155900955200195
2024-06-12 19:31:57.552 | INFO     | tc_in:vehicle_load_static:259 - phase 1 cost:0.010998964309692383
2024-06-12 19:31:57.553 | INFO     | tc_in:vehicle_load_static:262 - 本轮可用车辆数:0，空信息：0，车故障0，未空闲981，车速为0：19，离节点过近0
2024-06-12 19:31:57.554 | INFO     | tc_optimize:epoch_static:90 - 本轮分配任务时长:21.16990828514099
2024-06-12 19:31:57.554 | INFO     | tc_optimize:epoch_static:91 - 本轮算法执行时长:21.661116123199463
2024-06-12 19:31:57.554 | INFO     | tc_optimize:epoch_static:77 - 开始运行算法
2024-06-12 19:31:57.554 | INFO     | tc_in:read_instructions_static:662 - 开始读取任务
2024-06-12 19:31:57.610 | INFO     | tc_in:read_instructions_static:668 - task count:108
2024-06-12 19:31:57.623 | INFO     | tc_in:read_instructions_static:690 - this is the task count:10
2024-06-12 19:31:57.623 | INFO     | tc_optimize:epoch_static:83 - 本轮读取任务时长:0.06841206550598145
2024-06-12 19:31:58.050 | INFO     | tc_in:vehicle_load_static:230 - 开始分配任务
2024-06-12 19:32:17.893 | INFO     | tc_in:vehicle_load_static:238 - 取车数辆:1000, 取车时间:19.84317421913147
2024-06-12 19:32:17.906 | INFO     | tc_in:vehicle_load_static:259 - phase 1 cost:0.012061357498168945
2024-06-12 19:32:17.906 | INFO     | tc_in:vehicle_load_static:262 - 本轮可用车辆数:0，空信息：0，车故障0，未空闲985，车速为0：15，离节点过近0
2024-06-12 19:32:17.908 | INFO     | tc_optimize:epoch_static:90 - 本轮分配任务时长:19.8585844039917
2024-06-12 19:32:17.908 | INFO     | tc_optimize:epoch_static:91 - 本轮算法执行时长:20.353955507278442
2024-06-12 19:32:17.908 | INFO     | tc_optimize:epoch_static:77 - 开始运行算法
2024-06-12 19:32:17.909 | INFO     | tc_in:read_instructions_static:662 - 开始读取任务
2024-06-12 19:32:17.954 | INFO     | tc_in:read_instructions_static:668 - task count:102
2024-06-12 19:32:17.966 | INFO     | tc_in:read_instructions_static:690 - this is the task count:10
2024-06-12 19:32:17.967 | INFO     | tc_optimize:epoch_static:83 - 本轮读取任务时长:0.057805776596069336
2024-06-12 19:32:18.376 | INFO     | tc_in:vehicle_load_static:230 - 开始分配任务
2024-06-12 19:32:38.672 | INFO     | tc_in:vehicle_load_static:238 - 取车数辆:1000, 取车时间:20.296475172042847
2024-06-12 19:32:38.688 | INFO     | tc_in:vehicle_load_static:259 - phase 1 cost:0.01387786865234375
2024-06-12 19:32:38.688 | INFO     | tc_in:vehicle_load_static:262 - 本轮可用车辆数:0，空信息：0，车故障0，未空闲985，车速为0：15，离节点过近0
2024-06-12 19:32:38.691 | INFO     | tc_optimize:epoch_static:90 - 本轮分配任务时长:20.315521955490112
2024-06-12 19:32:38.691 | INFO     | tc_optimize:epoch_static:91 - 本轮算法执行时长:20.78303337097168
2024-06-12 19:32:38.691 | INFO     | tc_optimize:epoch_static:77 - 开始运行算法
2024-06-12 19:32:38.692 | INFO     | tc_in:read_instructions_static:662 - 开始读取任务
2024-06-12 19:32:38.723 | INFO     | tc_in:read_instructions_static:668 - task count:99
2024-06-12 19:32:38.738 | INFO     | tc_in:read_instructions_static:690 - this is the task count:10
2024-06-12 19:32:38.738 | INFO     | tc_optimize:epoch_static:83 - 本轮读取任务时长:0.04601407051086426
2024-06-12 19:32:39.109 | INFO     | tc_in:vehicle_load_static:230 - 开始分配任务
2024-06-12 19:33:00.505 | INFO     | tc_in:vehicle_load_static:238 - 取车数辆:1000, 取车时间:21.395904064178467
2024-06-12 19:33:00.517 | INFO     | tc_in:vehicle_load_static:259 - phase 1 cost:0.01248931884765625
2024-06-12 19:33:00.518 | INFO     | tc_in:vehicle_load_static:262 - 本轮可用车辆数:0，空信息：0，车故障0，未空闲984，车速为0：16，离节点过近0
2024-06-12 19:33:00.521 | INFO     | tc_optimize:epoch_static:90 - 本轮分配任务时长:21.412076234817505
2024-06-12 19:33:00.521 | INFO     | tc_optimize:epoch_static:91 - 本轮算法执行时长:21.828546285629272
2024-06-12 19:33:00.522 | INFO     | tc_optimize:epoch_static:77 - 开始运行算法
2024-06-12 19:33:00.522 | INFO     | tc_in:read_instructions_static:662 - 开始读取任务
2024-06-12 19:33:00.568 | INFO     | tc_in:read_instructions_static:668 - task count:107
2024-06-12 19:33:00.580 | INFO     | tc_in:read_instructions_static:690 - this is the task count:10
2024-06-12 19:33:00.580 | INFO     | tc_optimize:epoch_static:83 - 本轮读取任务时长:0.058339595794677734
2024-06-12 19:33:01.026 | INFO     | tc_in:vehicle_load_static:230 - 开始分配任务
